2024-09-10 11:56:55,541 [Worker-4: Loading available Gradle versions] INFO  o.e.b.c.i.u.g.PublishedGradleVersions - Gradle version information cache is up-to-date. Trying to read.
2024-09-10 12:01:26,044 [Worker-8: Import Getting Started Content] INFO  o.e.m.c.i.l.LifecycleMappingFactory - Using org.eclipse.m2e.jdt.JarLifecycleMapping lifecycle mapping for MavenProject: com.proyecto.fabrica.ps:ProyectoFabricaPS:0.0.1-SNAPSHOT @ C:\Users\Matias Mamani\Desktop\Proyecto Pino\ProyectoFabrica_PS\Backend\ProyectoFabricaPS\pom.xml.
2024-09-10 12:01:28,632 [Worker-8: Import Getting Started Content] INFO  o.e.m.j.i.AbstractJavaProjectConfigurator - Adding source folder /ProyectoFabricaPS/src/main/java
2024-09-10 12:01:28,635 [Worker-8: Import Getting Started Content] INFO  o.e.m.j.i.AbstractJavaProjectConfigurator - Adding resource folder /ProyectoFabricaPS/src/main/resources
2024-09-10 12:01:28,655 [Worker-8: Import Getting Started Content] INFO  o.e.m.j.i.AbstractJavaProjectConfigurator - Adding resource folder /ProyectoFabricaPS/src/main/resources
2024-09-10 12:01:28,670 [Worker-8: Import Getting Started Content] INFO  o.e.m.j.i.AbstractJavaProjectConfigurator - Adding source folder /ProyectoFabricaPS/src/test/java
2024-09-10 12:01:28,672 [Worker-8: Import Getting Started Content] INFO  o.e.m.j.i.AbstractJavaProjectConfigurator - Adding resource folder /ProyectoFabricaPS/src/test/resources
2024-09-10 12:01:30,393 [Worker-8: Import Getting Started Content] INFO  o.e.m.c.i.p.ProjectConfigurationManager - Imported and configured 1 project(s) in 7 sec
2024-09-10 12:01:30,405 [Worker-8: Import Getting Started Content] INFO  o.e.m.c.i.p.ProjectConfigurationManager - Update started
2024-09-10 12:01:31,687 [Worker-8: Import Getting Started Content] INFO  o.e.m.c.i.l.LifecycleMappingFactory - Using org.eclipse.m2e.jdt.JarLifecycleMapping lifecycle mapping for MavenProject: com.proyecto.fabrica.ps:ProyectoFabricaPS:0.0.1-SNAPSHOT @ C:\Users\Matias Mamani\Desktop\Proyecto Pino\ProyectoFabrica_PS\Backend\ProyectoFabricaPS\pom.xml.
2024-09-10 12:01:33,625 [Worker-8: Import Getting Started Content] INFO  o.e.m.j.i.AbstractJavaProjectConfigurator - Adding source folder /ProyectoFabricaPS/src/main/java
2024-09-10 12:01:33,628 [Worker-8: Import Getting Started Content] INFO  o.e.m.j.i.AbstractJavaProjectConfigurator - Adding resource folder /ProyectoFabricaPS/src/main/resources
2024-09-10 12:01:33,631 [Worker-8: Import Getting Started Content] INFO  o.e.m.j.i.AbstractJavaProjectConfigurator - Adding resource folder /ProyectoFabricaPS/src/main/resources
2024-09-10 12:01:33,634 [Worker-8: Import Getting Started Content] INFO  o.e.m.j.i.AbstractJavaProjectConfigurator - Adding source folder /ProyectoFabricaPS/src/test/java
2024-09-10 12:01:33,637 [Worker-8: Import Getting Started Content] INFO  o.e.m.j.i.AbstractJavaProjectConfigurator - Adding resource folder /ProyectoFabricaPS/src/test/resources
2024-09-10 12:01:35,413 [Worker-8: Import Getting Started Content] INFO  o.e.m.c.i.p.ProjectConfigurationManager - Update completed for 1 poms: local refresh takes 0.00 sec, refresh facades takes 3.00 sec, update config takes 1.00 sec 
2024-09-10 12:01:37,112 [Worker-8: Building] INFO  o.a.m.s.f.DefaultMavenResourcesFiltering - Copying 1 resource from src\main\resources to target\classes
2024-09-10 12:01:37,159 [Worker-8: Building] INFO  o.a.m.s.f.DefaultMavenResourcesFiltering - Copying 0 resource from src\main\resources to target\classes
2024-09-10 12:01:37,172 [Worker-8: Building] INFO  o.a.m.s.f.DefaultMavenResourcesFiltering - skip non existing resourceDirectory C:\Users\Matias Mamani\Desktop\Proyecto Pino\ProyectoFabrica_PS\Backend\ProyectoFabricaPS\src\test\resources
2024-09-10 12:50:54,882 [Worker-18: Building] INFO  o.a.m.s.f.DefaultMavenResourcesFiltering - Copying 1 resource from src\main\resources to target\classes
2024-09-10 12:50:54,967 [Worker-18: Building] INFO  o.a.m.s.f.DefaultMavenResourcesFiltering - Copying 0 resource from src\main\resources to target\classes
2024-09-10 12:50:54,974 [Worker-18: Building] INFO  o.a.m.s.f.DefaultMavenResourcesFiltering - skip non existing resourceDirectory C:\Users\Matias Mamani\Desktop\Proyecto Pino\ProyectoFabrica_PS\Backend\ProyectoFabricaPS\src\test\resources
2024-09-10 12:51:59,120 [Worker-20: Building] INFO  o.a.m.s.f.DefaultMavenResourcesFiltering - Copying 1 resource from src\main\resources to target\classes
2024-09-10 12:51:59,219 [Worker-20: Building] INFO  o.a.m.s.f.DefaultMavenResourcesFiltering - Copying 0 resource from src\main\resources to target\classes
2024-09-10 12:51:59,228 [Worker-20: Building] INFO  o.a.m.s.f.DefaultMavenResourcesFiltering - skip non existing resourceDirectory C:\Users\Matias Mamani\Desktop\Proyecto Pino\ProyectoFabrica_PS\Backend\ProyectoFabricaPS\src\test\resources
2024-09-10 13:02:58,885 [Worker-29: Building] INFO  o.e.m.c.i.l.LifecycleMappingFactory - Using org.eclipse.m2e.jdt.JarLifecycleMapping lifecycle mapping for MavenProject: com.proyecto.fabrica.ps:ProyectoFabricaPS:0.0.1-SNAPSHOT @ C:\Users\Matias Mamani\Desktop\Proyecto Pino\ProyectoFabrica_PS\Backend\ProyectoFabricaPS\pom.xml.
2024-09-10 13:03:04,237 [Worker-29: Building] INFO  o.a.m.s.f.DefaultMavenResourcesFiltering - Copying 0 resource from src\main\resources to target\classes
2024-09-10 13:03:04,239 [Worker-29: Building] INFO  o.a.m.s.f.DefaultMavenResourcesFiltering - Copying 0 resource from src\main\resources to target\classes
2024-09-10 13:03:04,250 [Worker-29: Building] INFO  o.a.m.s.f.DefaultMavenResourcesFiltering - skip non existing resourceDirectory C:\Users\Matias Mamani\Desktop\Proyecto Pino\ProyectoFabrica_PS\Backend\ProyectoFabricaPS\src\test\resources
2024-09-10 13:03:06,068 [Worker-29: Building] INFO  o.a.m.s.f.DefaultMavenResourcesFiltering - Copying 1 resource from src\main\resources to target\classes
2024-09-10 13:03:06,091 [Worker-29: Building] INFO  o.a.m.s.f.DefaultMavenResourcesFiltering - Copying 0 resource from src\main\resources to target\classes
2024-09-10 13:03:06,098 [Worker-29: Building] INFO  o.a.m.s.f.DefaultMavenResourcesFiltering - skip non existing resourceDirectory C:\Users\Matias Mamani\Desktop\Proyecto Pino\ProyectoFabrica_PS\Backend\ProyectoFabricaPS\src\test\resources
2024-09-10 13:05:16,941 [Worker-33: Building] INFO  o.e.m.c.i.l.LifecycleMappingFactory - Using org.eclipse.m2e.jdt.JarLifecycleMapping lifecycle mapping for MavenProject: com.proyecto.fabrica.ps:ProyectoFabricaPS:0.0.1-SNAPSHOT @ C:\Users\Matias Mamani\Desktop\Proyecto Pino\ProyectoFabrica_PS\Backend\ProyectoFabricaPS\pom.xml.
2024-09-10 13:05:18,121 [Worker-33: Building] INFO  o.a.m.s.f.DefaultMavenResourcesFiltering - Copying 0 resource from src\main\resources to target\classes
2024-09-10 13:05:18,124 [Worker-33: Building] INFO  o.a.m.s.f.DefaultMavenResourcesFiltering - Copying 0 resource from src\main\resources to target\classes
2024-09-10 13:05:18,132 [Worker-33: Building] INFO  o.a.m.s.f.DefaultMavenResourcesFiltering - skip non existing resourceDirectory C:\Users\Matias Mamani\Desktop\Proyecto Pino\ProyectoFabrica_PS\Backend\ProyectoFabricaPS\src\test\resources
2024-10-23 21:44:03,631 [Worker-1: Loading available Gradle versions] INFO  o.e.b.c.i.u.g.PublishedGradleVersions - Gradle version information cache is up-to-date. Trying to read.
2024-10-23 21:44:14,691 [Worker-6: Building] INFO  o.e.m.c.i.l.LifecycleMappingFactory - Using org.eclipse.m2e.jdt.JarLifecycleMapping lifecycle mapping for MavenProject: com.proyecto.fabrica.ps:ProyectoFabricaPS:0.0.1-SNAPSHOT @ C:\Users\Matias Mamani\Desktop\Proyecto Pino\ProyectoFabrica_PS\Backend\ProyectoFabricaPS\pom.xml.
2024-10-23 21:44:18,528 [Worker-6: Building] INFO  o.a.m.s.f.DefaultMavenResourcesFiltering - Copying 1 resource from src\main\resources to target\classes
2024-10-23 21:44:18,602 [Worker-6: Building] INFO  o.a.m.s.f.DefaultMavenResourcesFiltering - Copying 0 resource from src\main\resources to target\classes
2024-10-23 21:44:18,612 [Worker-6: Building] INFO  o.a.m.s.f.DefaultMavenResourcesFiltering - skip non existing resourceDirectory C:\Users\Matias Mamani\Desktop\Proyecto Pino\ProyectoFabrica_PS\Backend\ProyectoFabricaPS\src\test\resources
2024-10-23 21:52:27,483 [Worker-2: Loading available Gradle versions] INFO  o.e.b.c.i.u.g.PublishedGradleVersions - Gradle version information cache is up-to-date. Trying to read.
2024-10-23 21:53:23,662 [Start Help Server] INFO  org.eclipse.jetty.server.Server - jetty-12.0.6; built: 2024-01-30T02:43:24.387Z; git: 78ab6e6ba163f89cdd97f2ae0283fbb5e371cfaf; jvm 17.0.11+9
2024-10-23 21:53:23,789 [Start Help Server] INFO  o.e.j.server.handler.ContextHandler - Started oeje8n.ContextHandler$CoreContextHandler@4dbb19b3{/help,/help,b=null,a=AVAILABLE,h=oeje8n.ContextHandler$CoreContextHandler$CoreToNestedHandler@26c1ba16{STARTED}}
2024-10-23 21:53:23,792 [Start Help Server] INFO  o.e.j.s.DefaultSessionIdManager - Session workerName=node0
2024-10-23 21:53:23,886 [Start Help Server] INFO  o.e.jetty.server.AbstractConnector - Started ServerConnector@3f1ae974{HTTP/1.1, (http/1.1)}{127.0.0.1:50730}
2024-10-23 21:53:23,931 [Start Help Server] INFO  org.eclipse.jetty.server.Server - Started oejs.Server@561abb32{STARTING}[12.0.6,sto=0] @118779ms
2024-10-23 21:53:25,619 [qtp1157909089-89] INFO  o.e.j.e.nested.ContextHandler._help - Warning: No org.apache.tomcat.JarScanner set in ServletContext. Falling back to default JarScanner implementation.
2024-10-23 21:53:27,764 [qtp1157909089-89] INFO  o.e.j.e.nested.ContextHandler._help - Warning: No org.apache.tomcat.JarScanner set in ServletContext. Falling back to default JarScanner implementation.
2024-10-23 21:57:13,365 [Stop Help Server] INFO  org.eclipse.jetty.server.Server - Stopped oejs.Server@561abb32{STOPPING}[12.0.6,sto=0]
2024-10-23 21:57:13,395 [Stop Help Server] INFO  o.e.jetty.server.AbstractConnector - Stopped ServerConnector@3f1ae974{HTTP/1.1, (http/1.1)}{127.0.0.1:0}
2024-10-24 11:30:59,560 [Worker-1: Loading available Gradle versions] INFO  o.e.b.c.i.u.g.PublishedGradleVersions - Gradle version information cache is out-of-date. Trying to update.
2024-10-24 11:44:09,390 [Worker-19: Building] INFO  o.a.m.s.f.DefaultMavenResourcesFiltering - Copying 1 resource from src\main\resources to target\classes
2024-10-24 11:44:09,421 [Worker-19: Building] INFO  o.a.m.s.f.DefaultMavenResourcesFiltering - Copying 0 resource from src\main\resources to target\classes
2024-10-24 11:44:09,431 [Worker-19: Building] INFO  o.a.m.s.f.DefaultMavenResourcesFiltering - skip non existing resourceDirectory C:\Users\Matias Mamani\Desktop\Proyecto Pino\ProyectoFabrica_PS\Backend\ProyectoFabricaPS\src\test\resources
2024-10-24 11:44:28,579 [Worker-9: Building] INFO  o.a.m.s.f.DefaultMavenResourcesFiltering - Copying 1 resource from src\main\resources to target\classes
2024-10-24 11:44:28,652 [Worker-9: Building] INFO  o.a.m.s.f.DefaultMavenResourcesFiltering - Copying 0 resource from src\main\resources to target\classes
2024-10-24 11:44:28,665 [Worker-9: Building] INFO  o.a.m.s.f.DefaultMavenResourcesFiltering - skip non existing resourceDirectory C:\Users\Matias Mamani\Desktop\Proyecto Pino\ProyectoFabrica_PS\Backend\ProyectoFabricaPS\src\test\resources
2024-10-24 11:44:39,749 [Worker-17: Building] INFO  o.a.m.s.f.DefaultMavenResourcesFiltering - Copying 1 resource from src\main\resources to target\classes
2024-10-24 11:44:39,771 [Worker-17: Building] INFO  o.a.m.s.f.DefaultMavenResourcesFiltering - Copying 0 resource from src\main\resources to target\classes
2024-10-24 11:44:39,782 [Worker-17: Building] INFO  o.a.m.s.f.DefaultMavenResourcesFiltering - skip non existing resourceDirectory C:\Users\Matias Mamani\Desktop\Proyecto Pino\ProyectoFabrica_PS\Backend\ProyectoFabricaPS\src\test\resources
2024-10-24 11:48:45,523 [Worker-19: Building] INFO  o.a.m.s.f.DefaultMavenResourcesFiltering - Copying 1 resource from src\main\resources to target\classes
2024-10-24 11:48:45,557 [Worker-19: Building] INFO  o.a.m.s.f.DefaultMavenResourcesFiltering - Copying 0 resource from src\main\resources to target\classes
2024-10-24 11:48:45,574 [Worker-19: Building] INFO  o.a.m.s.f.DefaultMavenResourcesFiltering - skip non existing resourceDirectory C:\Users\Matias Mamani\Desktop\Proyecto Pino\ProyectoFabrica_PS\Backend\ProyectoFabricaPS\src\test\resources
2024-10-24 11:49:05,598 [Worker-22: Building] INFO  o.a.m.s.f.DefaultMavenResourcesFiltering - Copying 1 resource from src\main\resources to target\classes
2024-10-24 11:49:05,620 [Worker-22: Building] INFO  o.a.m.s.f.DefaultMavenResourcesFiltering - Copying 0 resource from src\main\resources to target\classes
2024-10-24 11:49:05,633 [Worker-22: Building] INFO  o.a.m.s.f.DefaultMavenResourcesFiltering - skip non existing resourceDirectory C:\Users\Matias Mamani\Desktop\Proyecto Pino\ProyectoFabrica_PS\Backend\ProyectoFabricaPS\src\test\resources
2024-10-24 11:49:08,995 [Worker-24: Building] INFO  o.a.m.s.f.DefaultMavenResourcesFiltering - Copying 1 resource from src\main\resources to target\classes
2024-10-24 11:49:09,011 [Worker-24: Building] INFO  o.a.m.s.f.DefaultMavenResourcesFiltering - Copying 0 resource from src\main\resources to target\classes
2024-10-24 11:49:09,023 [Worker-24: Building] INFO  o.a.m.s.f.DefaultMavenResourcesFiltering - skip non existing resourceDirectory C:\Users\Matias Mamani\Desktop\Proyecto Pino\ProyectoFabrica_PS\Backend\ProyectoFabricaPS\src\test\resources
2024-10-24 11:52:35,937 [Worker-23: Building] INFO  o.a.m.s.f.DefaultMavenResourcesFiltering - Copying 1 resource from src\main\resources to target\classes
2024-10-24 11:52:35,957 [Worker-23: Building] INFO  o.a.m.s.f.DefaultMavenResourcesFiltering - Copying 0 resource from src\main\resources to target\classes
2024-10-24 11:52:35,966 [Worker-23: Building] INFO  o.a.m.s.f.DefaultMavenResourcesFiltering - skip non existing resourceDirectory C:\Users\Matias Mamani\Desktop\Proyecto Pino\ProyectoFabrica_PS\Backend\ProyectoFabricaPS\src\test\resources
2024-10-24 11:52:43,023 [Worker-28: Building] INFO  o.a.m.s.f.DefaultMavenResourcesFiltering - Copying 1 resource from src\main\resources to target\classes
2024-10-24 11:52:43,045 [Worker-28: Building] INFO  o.a.m.s.f.DefaultMavenResourcesFiltering - Copying 0 resource from src\main\resources to target\classes
2024-10-24 11:52:43,061 [Worker-28: Building] INFO  o.a.m.s.f.DefaultMavenResourcesFiltering - skip non existing resourceDirectory C:\Users\Matias Mamani\Desktop\Proyecto Pino\ProyectoFabrica_PS\Backend\ProyectoFabricaPS\src\test\resources
2024-10-24 12:09:36,911 [Worker-30: Building] INFO  o.a.m.s.f.DefaultMavenResourcesFiltering - Copying 1 resource from src\main\resources to target\classes
2024-10-24 12:09:36,974 [Worker-30: Building] INFO  o.a.m.s.f.DefaultMavenResourcesFiltering - Copying 0 resource from src\main\resources to target\classes
2024-10-24 12:09:36,997 [Worker-30: Building] INFO  o.a.m.s.f.DefaultMavenResourcesFiltering - skip non existing resourceDirectory C:\Users\Matias Mamani\Desktop\Proyecto Pino\ProyectoFabrica_PS\Backend\ProyectoFabricaPS\src\test\resources
2024-10-24 12:12:38,355 [Worker-31: Building] INFO  o.a.m.s.f.DefaultMavenResourcesFiltering - Copying 1 resource from src\main\resources to target\classes
2024-10-24 12:12:38,378 [Worker-31: Building] INFO  o.a.m.s.f.DefaultMavenResourcesFiltering - Copying 0 resource from src\main\resources to target\classes
2024-10-24 12:12:38,392 [Worker-31: Building] INFO  o.a.m.s.f.DefaultMavenResourcesFiltering - skip non existing resourceDirectory C:\Users\Matias Mamani\Desktop\Proyecto Pino\ProyectoFabrica_PS\Backend\ProyectoFabricaPS\src\test\resources
2024-10-24 12:12:54,011 [Worker-31: Building] INFO  o.a.m.s.f.DefaultMavenResourcesFiltering - Copying 1 resource from src\main\resources to target\classes
2024-10-24 12:12:54,027 [Worker-31: Building] INFO  o.a.m.s.f.DefaultMavenResourcesFiltering - Copying 0 resource from src\main\resources to target\classes
2024-10-24 12:12:54,038 [Worker-31: Building] INFO  o.a.m.s.f.DefaultMavenResourcesFiltering - skip non existing resourceDirectory C:\Users\Matias Mamani\Desktop\Proyecto Pino\ProyectoFabrica_PS\Backend\ProyectoFabricaPS\src\test\resources
2024-10-24 12:13:15,330 [Worker-31: Building] INFO  o.a.m.s.f.DefaultMavenResourcesFiltering - Copying 1 resource from src\main\resources to target\classes
2024-10-24 12:13:15,352 [Worker-31: Building] INFO  o.a.m.s.f.DefaultMavenResourcesFiltering - Copying 0 resource from src\main\resources to target\classes
2024-10-24 12:13:15,364 [Worker-31: Building] INFO  o.a.m.s.f.DefaultMavenResourcesFiltering - skip non existing resourceDirectory C:\Users\Matias Mamani\Desktop\Proyecto Pino\ProyectoFabrica_PS\Backend\ProyectoFabricaPS\src\test\resources
2024-10-24 12:13:19,506 [Worker-32: Building] INFO  o.a.m.s.f.DefaultMavenResourcesFiltering - Copying 1 resource from src\main\resources to target\classes
2024-10-24 12:13:19,524 [Worker-32: Building] INFO  o.a.m.s.f.DefaultMavenResourcesFiltering - Copying 0 resource from src\main\resources to target\classes
2024-10-24 12:13:19,533 [Worker-32: Building] INFO  o.a.m.s.f.DefaultMavenResourcesFiltering - skip non existing resourceDirectory C:\Users\Matias Mamani\Desktop\Proyecto Pino\ProyectoFabrica_PS\Backend\ProyectoFabricaPS\src\test\resources
2024-10-24 12:13:20,828 [Worker-31: Building] INFO  o.a.m.s.f.DefaultMavenResourcesFiltering - Copying 1 resource from src\main\resources to target\classes
2024-10-24 12:13:20,842 [Worker-31: Building] INFO  o.a.m.s.f.DefaultMavenResourcesFiltering - Copying 0 resource from src\main\resources to target\classes
2024-10-24 12:13:20,851 [Worker-31: Building] INFO  o.a.m.s.f.DefaultMavenResourcesFiltering - skip non existing resourceDirectory C:\Users\Matias Mamani\Desktop\Proyecto Pino\ProyectoFabrica_PS\Backend\ProyectoFabricaPS\src\test\resources
2024-10-24 12:13:24,129 [Worker-32: Building] INFO  o.a.m.s.f.DefaultMavenResourcesFiltering - Copying 1 resource from src\main\resources to target\classes
2024-10-24 12:13:24,146 [Worker-32: Building] INFO  o.a.m.s.f.DefaultMavenResourcesFiltering - Copying 0 resource from src\main\resources to target\classes
2024-10-24 12:13:24,156 [Worker-32: Building] INFO  o.a.m.s.f.DefaultMavenResourcesFiltering - skip non existing resourceDirectory C:\Users\Matias Mamani\Desktop\Proyecto Pino\ProyectoFabrica_PS\Backend\ProyectoFabricaPS\src\test\resources
2024-10-24 12:15:23,521 [Worker-36: Building] INFO  o.a.m.s.f.DefaultMavenResourcesFiltering - Copying 1 resource from src\main\resources to target\classes
2024-10-24 12:15:23,538 [Worker-36: Building] INFO  o.a.m.s.f.DefaultMavenResourcesFiltering - Copying 0 resource from src\main\resources to target\classes
2024-10-24 12:15:23,548 [Worker-36: Building] INFO  o.a.m.s.f.DefaultMavenResourcesFiltering - skip non existing resourceDirectory C:\Users\Matias Mamani\Desktop\Proyecto Pino\ProyectoFabrica_PS\Backend\ProyectoFabricaPS\src\test\resources
2024-10-24 12:15:34,697 [Worker-36: Building] INFO  o.a.m.s.f.DefaultMavenResourcesFiltering - Copying 1 resource from src\main\resources to target\classes
2024-10-24 12:15:34,813 [Worker-36: Building] INFO  o.a.m.s.f.DefaultMavenResourcesFiltering - Copying 0 resource from src\main\resources to target\classes
2024-10-24 12:15:34,824 [Worker-36: Building] INFO  o.a.m.s.f.DefaultMavenResourcesFiltering - skip non existing resourceDirectory C:\Users\Matias Mamani\Desktop\Proyecto Pino\ProyectoFabrica_PS\Backend\ProyectoFabricaPS\src\test\resources
2024-10-24 12:17:16,505 [Worker-41: Building] INFO  o.a.m.s.f.DefaultMavenResourcesFiltering - Copying 1 resource from src\main\resources to target\classes
2024-10-24 12:17:16,520 [Worker-41: Building] INFO  o.a.m.s.f.DefaultMavenResourcesFiltering - Copying 0 resource from src\main\resources to target\classes
2024-10-24 12:17:16,528 [Worker-41: Building] INFO  o.a.m.s.f.DefaultMavenResourcesFiltering - skip non existing resourceDirectory C:\Users\Matias Mamani\Desktop\Proyecto Pino\ProyectoFabrica_PS\Backend\ProyectoFabricaPS\src\test\resources
2024-10-24 12:17:47,988 [Worker-42: Building] INFO  o.a.m.s.f.DefaultMavenResourcesFiltering - Copying 1 resource from src\main\resources to target\classes
2024-10-24 12:17:48,003 [Worker-42: Building] INFO  o.a.m.s.f.DefaultMavenResourcesFiltering - Copying 0 resource from src\main\resources to target\classes
2024-10-24 12:17:48,011 [Worker-42: Building] INFO  o.a.m.s.f.DefaultMavenResourcesFiltering - skip non existing resourceDirectory C:\Users\Matias Mamani\Desktop\Proyecto Pino\ProyectoFabrica_PS\Backend\ProyectoFabricaPS\src\test\resources
2024-10-24 12:18:16,873 [Worker-31: Building] INFO  o.a.m.s.f.DefaultMavenResourcesFiltering - Copying 1 resource from src\main\resources to target\classes
2024-10-24 12:18:16,890 [Worker-31: Building] INFO  o.a.m.s.f.DefaultMavenResourcesFiltering - Copying 0 resource from src\main\resources to target\classes
2024-10-24 12:18:16,898 [Worker-31: Building] INFO  o.a.m.s.f.DefaultMavenResourcesFiltering - skip non existing resourceDirectory C:\Users\Matias Mamani\Desktop\Proyecto Pino\ProyectoFabrica_PS\Backend\ProyectoFabricaPS\src\test\resources
2024-10-24 12:18:18,186 [Worker-38: Building] INFO  o.a.m.s.f.DefaultMavenResourcesFiltering - Copying 1 resource from src\main\resources to target\classes
2024-10-24 12:18:18,200 [Worker-38: Building] INFO  o.a.m.s.f.DefaultMavenResourcesFiltering - Copying 0 resource from src\main\resources to target\classes
2024-10-24 12:18:18,207 [Worker-38: Building] INFO  o.a.m.s.f.DefaultMavenResourcesFiltering - skip non existing resourceDirectory C:\Users\Matias Mamani\Desktop\Proyecto Pino\ProyectoFabrica_PS\Backend\ProyectoFabricaPS\src\test\resources
2024-10-24 12:22:38,473 [Worker-47: Building] INFO  o.a.m.s.f.DefaultMavenResourcesFiltering - Copying 1 resource from src\main\resources to target\classes
2024-10-24 12:22:38,493 [Worker-47: Building] INFO  o.a.m.s.f.DefaultMavenResourcesFiltering - Copying 0 resource from src\main\resources to target\classes
2024-10-24 12:22:38,505 [Worker-47: Building] INFO  o.a.m.s.f.DefaultMavenResourcesFiltering - skip non existing resourceDirectory C:\Users\Matias Mamani\Desktop\Proyecto Pino\ProyectoFabrica_PS\Backend\ProyectoFabricaPS\src\test\resources
2024-10-24 12:22:52,588 [Worker-45: Building] INFO  o.a.m.s.f.DefaultMavenResourcesFiltering - Copying 1 resource from src\main\resources to target\classes
2024-10-24 12:22:52,603 [Worker-45: Building] INFO  o.a.m.s.f.DefaultMavenResourcesFiltering - Copying 0 resource from src\main\resources to target\classes
2024-10-24 12:22:52,611 [Worker-45: Building] INFO  o.a.m.s.f.DefaultMavenResourcesFiltering - skip non existing resourceDirectory C:\Users\Matias Mamani\Desktop\Proyecto Pino\ProyectoFabrica_PS\Backend\ProyectoFabricaPS\src\test\resources
2024-10-24 12:22:53,786 [Worker-46: Building] INFO  o.a.m.s.f.DefaultMavenResourcesFiltering - Copying 1 resource from src\main\resources to target\classes
2024-10-24 12:22:53,803 [Worker-46: Building] INFO  o.a.m.s.f.DefaultMavenResourcesFiltering - Copying 0 resource from src\main\resources to target\classes
2024-10-24 12:22:53,812 [Worker-46: Building] INFO  o.a.m.s.f.DefaultMavenResourcesFiltering - skip non existing resourceDirectory C:\Users\Matias Mamani\Desktop\Proyecto Pino\ProyectoFabrica_PS\Backend\ProyectoFabricaPS\src\test\resources
2024-10-24 12:24:35,401 [Worker-44: Building] INFO  o.a.m.s.f.DefaultMavenResourcesFiltering - Copying 1 resource from src\main\resources to target\classes
2024-10-24 12:24:35,421 [Worker-44: Building] INFO  o.a.m.s.f.DefaultMavenResourcesFiltering - Copying 0 resource from src\main\resources to target\classes
2024-10-24 12:24:35,429 [Worker-44: Building] INFO  o.a.m.s.f.DefaultMavenResourcesFiltering - skip non existing resourceDirectory C:\Users\Matias Mamani\Desktop\Proyecto Pino\ProyectoFabrica_PS\Backend\ProyectoFabricaPS\src\test\resources
2024-10-24 12:25:08,158 [Worker-48: Building] INFO  o.a.m.s.f.DefaultMavenResourcesFiltering - Copying 1 resource from src\main\resources to target\classes
2024-10-24 12:25:08,175 [Worker-48: Building] INFO  o.a.m.s.f.DefaultMavenResourcesFiltering - Copying 0 resource from src\main\resources to target\classes
2024-10-24 12:25:08,184 [Worker-48: Building] INFO  o.a.m.s.f.DefaultMavenResourcesFiltering - skip non existing resourceDirectory C:\Users\Matias Mamani\Desktop\Proyecto Pino\ProyectoFabrica_PS\Backend\ProyectoFabricaPS\src\test\resources
2024-10-24 12:27:48,276 [Worker-49: Building] INFO  o.a.m.s.f.DefaultMavenResourcesFiltering - Copying 1 resource from src\main\resources to target\classes
2024-10-24 12:27:48,290 [Worker-49: Building] INFO  o.a.m.s.f.DefaultMavenResourcesFiltering - Copying 0 resource from src\main\resources to target\classes
2024-10-24 12:27:48,297 [Worker-49: Building] INFO  o.a.m.s.f.DefaultMavenResourcesFiltering - skip non existing resourceDirectory C:\Users\Matias Mamani\Desktop\Proyecto Pino\ProyectoFabrica_PS\Backend\ProyectoFabricaPS\src\test\resources
2024-10-24 12:28:10,005 [Worker-46: Building] INFO  o.a.m.s.f.DefaultMavenResourcesFiltering - Copying 1 resource from src\main\resources to target\classes
2024-10-24 12:28:10,018 [Worker-46: Building] INFO  o.a.m.s.f.DefaultMavenResourcesFiltering - Copying 0 resource from src\main\resources to target\classes
2024-10-24 12:28:10,028 [Worker-46: Building] INFO  o.a.m.s.f.DefaultMavenResourcesFiltering - skip non existing resourceDirectory C:\Users\Matias Mamani\Desktop\Proyecto Pino\ProyectoFabrica_PS\Backend\ProyectoFabricaPS\src\test\resources
2024-10-24 12:28:56,078 [Worker-46: Building] INFO  o.a.m.s.f.DefaultMavenResourcesFiltering - Copying 1 resource from src\main\resources to target\classes
2024-10-24 12:28:56,096 [Worker-46: Building] INFO  o.a.m.s.f.DefaultMavenResourcesFiltering - Copying 0 resource from src\main\resources to target\classes
2024-10-24 12:28:56,105 [Worker-46: Building] INFO  o.a.m.s.f.DefaultMavenResourcesFiltering - skip non existing resourceDirectory C:\Users\Matias Mamani\Desktop\Proyecto Pino\ProyectoFabrica_PS\Backend\ProyectoFabricaPS\src\test\resources
2024-10-24 12:32:28,777 [Worker-47: Building] INFO  o.a.m.s.f.DefaultMavenResourcesFiltering - Copying 1 resource from src\main\resources to target\classes
2024-10-24 12:32:28,792 [Worker-47: Building] INFO  o.a.m.s.f.DefaultMavenResourcesFiltering - Copying 0 resource from src\main\resources to target\classes
2024-10-24 12:32:28,802 [Worker-47: Building] INFO  o.a.m.s.f.DefaultMavenResourcesFiltering - skip non existing resourceDirectory C:\Users\Matias Mamani\Desktop\Proyecto Pino\ProyectoFabrica_PS\Backend\ProyectoFabricaPS\src\test\resources
2024-10-24 12:32:57,833 [Worker-53: Building] INFO  o.a.m.s.f.DefaultMavenResourcesFiltering - Copying 1 resource from src\main\resources to target\classes
2024-10-24 12:32:57,850 [Worker-53: Building] INFO  o.a.m.s.f.DefaultMavenResourcesFiltering - Copying 0 resource from src\main\resources to target\classes
2024-10-24 12:32:57,860 [Worker-53: Building] INFO  o.a.m.s.f.DefaultMavenResourcesFiltering - skip non existing resourceDirectory C:\Users\Matias Mamani\Desktop\Proyecto Pino\ProyectoFabrica_PS\Backend\ProyectoFabricaPS\src\test\resources
2024-10-24 12:46:47,913 [Worker-59: Building] INFO  o.a.m.s.f.DefaultMavenResourcesFiltering - Copying 1 resource from src\main\resources to target\classes
2024-10-24 12:46:47,929 [Worker-59: Building] INFO  o.a.m.s.f.DefaultMavenResourcesFiltering - Copying 0 resource from src\main\resources to target\classes
2024-10-24 12:46:47,937 [Worker-59: Building] INFO  o.a.m.s.f.DefaultMavenResourcesFiltering - skip non existing resourceDirectory C:\Users\Matias Mamani\Desktop\Proyecto Pino\ProyectoFabrica_PS\Backend\ProyectoFabricaPS\src\test\resources
2024-10-24 12:46:57,352 [Worker-64: Building] INFO  o.a.m.s.f.DefaultMavenResourcesFiltering - Copying 1 resource from src\main\resources to target\classes
2024-10-24 12:46:57,374 [Worker-64: Building] INFO  o.a.m.s.f.DefaultMavenResourcesFiltering - Copying 0 resource from src\main\resources to target\classes
2024-10-24 12:46:57,385 [Worker-64: Building] INFO  o.a.m.s.f.DefaultMavenResourcesFiltering - skip non existing resourceDirectory C:\Users\Matias Mamani\Desktop\Proyecto Pino\ProyectoFabrica_PS\Backend\ProyectoFabricaPS\src\test\resources
2024-10-24 12:47:16,078 [Worker-59: Building] INFO  o.a.m.s.f.DefaultMavenResourcesFiltering - Copying 1 resource from src\main\resources to target\classes
2024-10-24 12:47:16,096 [Worker-59: Building] INFO  o.a.m.s.f.DefaultMavenResourcesFiltering - Copying 0 resource from src\main\resources to target\classes
2024-10-24 12:47:16,104 [Worker-59: Building] INFO  o.a.m.s.f.DefaultMavenResourcesFiltering - skip non existing resourceDirectory C:\Users\Matias Mamani\Desktop\Proyecto Pino\ProyectoFabrica_PS\Backend\ProyectoFabricaPS\src\test\resources
2024-10-24 12:48:16,631 [Worker-62: Building] INFO  o.a.m.s.f.DefaultMavenResourcesFiltering - Copying 1 resource from src\main\resources to target\classes
2024-10-24 12:48:16,651 [Worker-62: Building] INFO  o.a.m.s.f.DefaultMavenResourcesFiltering - Copying 0 resource from src\main\resources to target\classes
2024-10-24 12:48:16,660 [Worker-62: Building] INFO  o.a.m.s.f.DefaultMavenResourcesFiltering - skip non existing resourceDirectory C:\Users\Matias Mamani\Desktop\Proyecto Pino\ProyectoFabrica_PS\Backend\ProyectoFabricaPS\src\test\resources
2024-10-24 12:48:42,485 [Worker-65: Building] INFO  o.a.m.s.f.DefaultMavenResourcesFiltering - Copying 1 resource from src\main\resources to target\classes
2024-10-24 12:48:42,502 [Worker-65: Building] INFO  o.a.m.s.f.DefaultMavenResourcesFiltering - Copying 0 resource from src\main\resources to target\classes
2024-10-24 12:48:42,511 [Worker-65: Building] INFO  o.a.m.s.f.DefaultMavenResourcesFiltering - skip non existing resourceDirectory C:\Users\Matias Mamani\Desktop\Proyecto Pino\ProyectoFabrica_PS\Backend\ProyectoFabricaPS\src\test\resources
